{
  "stats": {
    "suites": 1,
    "tests": 4,
    "passes": 4,
    "pending": 0,
    "failures": 0,
    "start": "2025-03-24T08:32:48.333Z",
    "end": "2025-03-24T08:32:55.876Z",
    "duration": 7543,
    "testsRegistered": 4,
    "passPercent": 100,
    "pendingPercent": 0,
    "other": 0,
    "hasOther": false,
    "skipped": 0,
    "hasSkipped": false
  },
  "results": [
    {
      "uuid": "cba62cbc-d2e4-4acb-8cb6-2f862b67b51d",
      "title": "",
      "fullFile": "cypress\\e2e\\register.cy.js",
      "file": "cypress\\e2e\\register.cy.js",
      "beforeHooks": [],
      "afterHooks": [],
      "tests": [],
      "suites": [
        {
          "uuid": "28ecdd15-beac-4f73-b6ad-e6c64f561bd8",
          "title": "Register Page Test",
          "fullFile": "",
          "file": "",
          "beforeHooks": [],
          "afterHooks": [],
          "tests": [
            {
              "title": "should display all input fields and buttons",
              "fullTitle": "Register Page Test should display all input fields and buttons",
              "timedOut": null,
              "duration": 2803,
              "state": "passed",
              "speed": "fast",
              "pass": true,
              "fail": false,
              "pending": false,
              "context": null,
              "code": "cy.get(\"[data-cy=email-input]\").should(\"be.visible\");\ncy.get(\"[data-cy=username-input]\").should(\"be.visible\");\ncy.get(\"[data-cy=phone-input]\").should(\"be.visible\");\ncy.get(\"[data-cy=password-input]\").should(\"be.visible\");\ncy.get(\"[data-cy=signup-button]\").should(\"be.visible\");\ncy.get(\"[data-cy=back-to-login]\").should(\"be.visible\");",
              "err": {},
              "uuid": "7817e9fc-49fc-4ba2-af7f-f47b109984d2",
              "parentUUID": "28ecdd15-beac-4f73-b6ad-e6c64f561bd8",
              "isHook": false,
              "skipped": false
            },
            {
              "title": "should show an error if fields are empty",
              "fullTitle": "Register Page Test should show an error if fields are empty",
              "timedOut": null,
              "duration": 966,
              "state": "passed",
              "speed": "fast",
              "pass": true,
              "fail": false,
              "pending": false,
              "context": null,
              "code": "cy.get(\"[data-cy=signup-button]\").click();\ncy.contains(\"⚠️ Input fields cannot be empty!\").should(\"be.visible\");",
              "err": {},
              "uuid": "f9aa06db-e0d7-4778-a8ea-fb367c92cc8c",
              "parentUUID": "28ecdd15-beac-4f73-b6ad-e6c64f561bd8",
              "isHook": false,
              "skipped": false
            },
            {
              "title": "should allow user to type in all fields",
              "fullTitle": "Register Page Test should allow user to type in all fields",
              "timedOut": null,
              "duration": 2475,
              "state": "passed",
              "speed": "fast",
              "pass": true,
              "fail": false,
              "pending": false,
              "context": null,
              "code": "cy.get(\"[data-cy=email-input]\").type(\"test@example.com\").should(\"have.value\", \"test@example.com\");\ncy.get(\"[data-cy=username-input]\").type(\"John Doe\").should(\"have.value\", \"John Doe\");\ncy.get(\"[data-cy=phone-input]\").type(\"1234567890\").should(\"have.value\", \"1234567890\");\ncy.get(\"[data-cy=password-input]\").type(\"password123\").should(\"have.value\", \"password123\");",
              "err": {},
              "uuid": "c9f73622-bd8e-43cb-ba44-203b805af66d",
              "parentUUID": "28ecdd15-beac-4f73-b6ad-e6c64f561bd8",
              "isHook": false,
              "skipped": false
            },
            {
              "title": "should navigate back to login when clicking the button",
              "fullTitle": "Register Page Test should navigate back to login when clicking the button",
              "timedOut": null,
              "duration": 966,
              "state": "passed",
              "speed": "fast",
              "pass": true,
              "fail": false,
              "pending": false,
              "context": null,
              "code": "cy.get(\"[data-cy=back-to-login]\").click();\ncy.url().should(\"include\", \"/login\");",
              "err": {},
              "uuid": "dc7ba98a-86d8-4f30-8f26-f56136c34db8",
              "parentUUID": "28ecdd15-beac-4f73-b6ad-e6c64f561bd8",
              "isHook": false,
              "skipped": false
            }
          ],
          "suites": [],
          "passes": [
            "7817e9fc-49fc-4ba2-af7f-f47b109984d2",
            "f9aa06db-e0d7-4778-a8ea-fb367c92cc8c",
            "c9f73622-bd8e-43cb-ba44-203b805af66d",
            "dc7ba98a-86d8-4f30-8f26-f56136c34db8"
          ],
          "failures": [],
          "pending": [],
          "skipped": [],
          "duration": 7210,
          "root": false,
          "rootEmpty": false,
          "_timeout": 2000
        }
      ],
      "passes": [],
      "failures": [],
      "pending": [],
      "skipped": [],
      "duration": 0,
      "root": true,
      "rootEmpty": true,
      "_timeout": 2000
    }
  ],
  "meta": {
    "mocha": {
      "version": "7.0.1"
    },
    "mochawesome": {
      "options": {
        "quiet": false,
        "reportFilename": "mochawesome",
        "saveHtml": true,
        "saveJson": true,
        "consoleReporter": "spec",
        "useInlineDiffs": false,
        "code": true
      },
      "version": "7.1.3"
    },
    "marge": {
      "options": {
        "reportDir": "cypress/reports",
        "overwrite": false,
        "html": true,
        "json": true
      },
      "version": "6.2.0"
    }
  }
}