{
  "stats": {
    "suites": 1,
    "tests": 4,
    "passes": 4,
    "pending": 0,
    "failures": 0,
    "start": "2025-03-24T08:35:02.894Z",
    "end": "2025-03-24T08:35:10.933Z",
    "duration": 8039,
    "testsRegistered": 4,
    "passPercent": 100,
    "pendingPercent": 0,
    "other": 0,
    "hasOther": false,
    "skipped": 0,
    "hasSkipped": false
  },
  "results": [
    {
      "uuid": "dcf970d4-8f59-44b2-803c-59ece38b39e0",
      "title": "",
      "fullFile": "cypress\\e2e\\register.cy.js",
      "file": "cypress\\e2e\\register.cy.js",
      "beforeHooks": [],
      "afterHooks": [],
      "tests": [],
      "suites": [
        {
          "uuid": "e072f04c-9258-4aa6-b407-6b42cbaa1cc2",
          "title": "Register Page Test",
          "fullFile": "",
          "file": "",
          "beforeHooks": [],
          "afterHooks": [],
          "tests": [
            {
              "title": "should display all input fields and buttons",
              "fullTitle": "Register Page Test should display all input fields and buttons",
              "timedOut": null,
              "duration": 3172,
              "state": "passed",
              "speed": "fast",
              "pass": true,
              "fail": false,
              "pending": false,
              "context": null,
              "code": "cy.get(\"[data-cy=email-input]\").should(\"be.visible\");\ncy.get(\"[data-cy=username-input]\").should(\"be.visible\");\ncy.get(\"[data-cy=phone-input]\").should(\"be.visible\");\ncy.get(\"[data-cy=password-input]\").should(\"be.visible\");\ncy.get(\"[data-cy=signup-button]\").should(\"be.visible\");\ncy.get(\"[data-cy=back-to-login]\").should(\"be.visible\");",
              "err": {},
              "uuid": "5b95c040-c6a1-45a7-993e-bd8dc9edf4c7",
              "parentUUID": "e072f04c-9258-4aa6-b407-6b42cbaa1cc2",
              "isHook": false,
              "skipped": false
            },
            {
              "title": "should show an error if fields are empty",
              "fullTitle": "Register Page Test should show an error if fields are empty",
              "timedOut": null,
              "duration": 1090,
              "state": "passed",
              "speed": "fast",
              "pass": true,
              "fail": false,
              "pending": false,
              "context": null,
              "code": "cy.get(\"[data-cy=signup-button]\").click();\ncy.contains(\"⚠️ Input fields cannot be empty!\").should(\"be.visible\");",
              "err": {},
              "uuid": "23b08186-4bb4-44c1-b223-c3dc3f598b69",
              "parentUUID": "e072f04c-9258-4aa6-b407-6b42cbaa1cc2",
              "isHook": false,
              "skipped": false
            },
            {
              "title": "should allow user to type in all fields",
              "fullTitle": "Register Page Test should allow user to type in all fields",
              "timedOut": null,
              "duration": 2254,
              "state": "passed",
              "speed": "fast",
              "pass": true,
              "fail": false,
              "pending": false,
              "context": null,
              "code": "cy.get(\"[data-cy=email-input]\").type(\"test@example.com\").should(\"have.value\", \"test@example.com\");\ncy.get(\"[data-cy=username-input]\").type(\"John Doe\").should(\"have.value\", \"John Doe\");\ncy.get(\"[data-cy=phone-input]\").type(\"1234567890\").should(\"have.value\", \"1234567890\");\ncy.get(\"[data-cy=password-input]\").type(\"password123\").should(\"have.value\", \"password123\");",
              "err": {},
              "uuid": "ff6464b3-d08f-4ed8-9691-d42b50fbb063",
              "parentUUID": "e072f04c-9258-4aa6-b407-6b42cbaa1cc2",
              "isHook": false,
              "skipped": false
            },
            {
              "title": "should navigate back to login when clicking the button",
              "fullTitle": "Register Page Test should navigate back to login when clicking the button",
              "timedOut": null,
              "duration": 1214,
              "state": "passed",
              "speed": "fast",
              "pass": true,
              "fail": false,
              "pending": false,
              "context": null,
              "code": "cy.get(\"[data-cy=back-to-login]\").click();\ncy.url().should(\"include\", \"/login\");",
              "err": {},
              "uuid": "b2a5a097-be3a-4889-8558-3b6752204857",
              "parentUUID": "e072f04c-9258-4aa6-b407-6b42cbaa1cc2",
              "isHook": false,
              "skipped": false
            }
          ],
          "suites": [],
          "passes": [
            "5b95c040-c6a1-45a7-993e-bd8dc9edf4c7",
            "23b08186-4bb4-44c1-b223-c3dc3f598b69",
            "ff6464b3-d08f-4ed8-9691-d42b50fbb063",
            "b2a5a097-be3a-4889-8558-3b6752204857"
          ],
          "failures": [],
          "pending": [],
          "skipped": [],
          "duration": 7730,
          "root": false,
          "rootEmpty": false,
          "_timeout": 2000
        }
      ],
      "passes": [],
      "failures": [],
      "pending": [],
      "skipped": [],
      "duration": 0,
      "root": true,
      "rootEmpty": true,
      "_timeout": 2000
    }
  ],
  "meta": {
    "mocha": {
      "version": "7.0.1"
    },
    "mochawesome": {
      "options": {
        "quiet": false,
        "reportFilename": "mochawesome",
        "saveHtml": true,
        "saveJson": true,
        "consoleReporter": "spec",
        "useInlineDiffs": false,
        "code": true
      },
      "version": "7.1.3"
    },
    "marge": {
      "options": {
        "reportDir": "cypress/reports",
        "overwrite": false,
        "html": true,
        "json": true
      },
      "version": "6.2.0"
    }
  }
}