{
  "stats": {
    "suites": 1,
    "tests": 4,
    "passes": 4,
    "pending": 0,
    "failures": 0,
    "start": "2025-03-24T08:31:55.826Z",
    "end": "2025-03-24T08:32:06.831Z",
    "duration": 11005,
    "testsRegistered": 4,
    "passPercent": 100,
    "pendingPercent": 0,
    "other": 0,
    "hasOther": false,
    "skipped": 0,
    "hasSkipped": false
  },
  "results": [
    {
      "uuid": "5c25a6b2-a2bb-4d0c-af9e-67308e8d4493",
      "title": "",
      "fullFile": "cypress\\e2e\\register.cy.js",
      "file": "cypress\\e2e\\register.cy.js",
      "beforeHooks": [],
      "afterHooks": [],
      "tests": [],
      "suites": [
        {
          "uuid": "071d2919-fe51-442c-93e4-a6c404669cb5",
          "title": "Register Page Test",
          "fullFile": "",
          "file": "",
          "beforeHooks": [],
          "afterHooks": [],
          "tests": [
            {
              "title": "should display all input fields and buttons",
              "fullTitle": "Register Page Test should display all input fields and buttons",
              "timedOut": null,
              "duration": 3012,
              "state": "passed",
              "speed": "fast",
              "pass": true,
              "fail": false,
              "pending": false,
              "context": null,
              "code": "cy.get(\"[data-cy=email-input]\").should(\"be.visible\");\ncy.get(\"[data-cy=username-input]\").should(\"be.visible\");\ncy.get(\"[data-cy=phone-input]\").should(\"be.visible\");\ncy.get(\"[data-cy=password-input]\").should(\"be.visible\");\ncy.get(\"[data-cy=signup-button]\").should(\"be.visible\");\ncy.get(\"[data-cy=back-to-login]\").should(\"be.visible\");",
              "err": {},
              "uuid": "db554063-5516-4014-9ff9-932a1cdeaf78",
              "parentUUID": "071d2919-fe51-442c-93e4-a6c404669cb5",
              "isHook": false,
              "skipped": false
            },
            {
              "title": "should show an error if fields are empty",
              "fullTitle": "Register Page Test should show an error if fields are empty",
              "timedOut": null,
              "duration": 1745,
              "state": "passed",
              "speed": "fast",
              "pass": true,
              "fail": false,
              "pending": false,
              "context": null,
              "code": "cy.get(\"[data-cy=signup-button]\").click();\ncy.contains(\"⚠️ Input fields cannot be empty!\").should(\"be.visible\");",
              "err": {},
              "uuid": "70e5b6eb-6a18-43df-9179-d116cd2fa2d1",
              "parentUUID": "071d2919-fe51-442c-93e4-a6c404669cb5",
              "isHook": false,
              "skipped": false
            },
            {
              "title": "should allow user to type in all fields",
              "fullTitle": "Register Page Test should allow user to type in all fields",
              "timedOut": null,
              "duration": 3468,
              "state": "passed",
              "speed": "fast",
              "pass": true,
              "fail": false,
              "pending": false,
              "context": null,
              "code": "cy.get(\"[data-cy=email-input]\").type(\"test@example.com\").should(\"have.value\", \"test@example.com\");\ncy.get(\"[data-cy=username-input]\").type(\"John Doe\").should(\"have.value\", \"John Doe\");\ncy.get(\"[data-cy=phone-input]\").type(\"1234567890\").should(\"have.value\", \"1234567890\");\ncy.get(\"[data-cy=password-input]\").type(\"password123\").should(\"have.value\", \"password123\");",
              "err": {},
              "uuid": "272e6d80-5dd3-4d5f-9912-8b17f0e8ac63",
              "parentUUID": "071d2919-fe51-442c-93e4-a6c404669cb5",
              "isHook": false,
              "skipped": false
            },
            {
              "title": "should navigate back to login when clicking the button",
              "fullTitle": "Register Page Test should navigate back to login when clicking the button",
              "timedOut": null,
              "duration": 2306,
              "state": "passed",
              "speed": "fast",
              "pass": true,
              "fail": false,
              "pending": false,
              "context": null,
              "code": "cy.get(\"[data-cy=back-to-login]\").click();\ncy.url().should(\"include\", \"/login\");",
              "err": {},
              "uuid": "b1b748db-d185-46a5-9579-058506f958f6",
              "parentUUID": "071d2919-fe51-442c-93e4-a6c404669cb5",
              "isHook": false,
              "skipped": false
            }
          ],
          "suites": [],
          "passes": [
            "db554063-5516-4014-9ff9-932a1cdeaf78",
            "70e5b6eb-6a18-43df-9179-d116cd2fa2d1",
            "272e6d80-5dd3-4d5f-9912-8b17f0e8ac63",
            "b1b748db-d185-46a5-9579-058506f958f6"
          ],
          "failures": [],
          "pending": [],
          "skipped": [],
          "duration": 10531,
          "root": false,
          "rootEmpty": false,
          "_timeout": 2000
        }
      ],
      "passes": [],
      "failures": [],
      "pending": [],
      "skipped": [],
      "duration": 0,
      "root": true,
      "rootEmpty": true,
      "_timeout": 2000
    }
  ],
  "meta": {
    "mocha": {
      "version": "7.0.1"
    },
    "mochawesome": {
      "options": {
        "quiet": false,
        "reportFilename": "mochawesome",
        "saveHtml": true,
        "saveJson": true,
        "consoleReporter": "spec",
        "useInlineDiffs": false,
        "code": true
      },
      "version": "7.1.3"
    },
    "marge": {
      "options": {
        "reportDir": "cypress/reports",
        "overwrite": false,
        "html": true,
        "json": true
      },
      "version": "6.2.0"
    }
  }
}